[0.010s] Invoking command in '/home/user/dev_ws/src/wubot/build/wubot': CMAKE_PREFIX_PATH=/opt/ros/foxy /usr/bin/cmake /home/user/dev_ws/src/wubot -DAMENT_CMAKE_SYMLINK_INSTALL=1 -DCMAKE_INSTALL_PREFIX=/home/user/dev_ws/src/wubot/install/wubot
[0.075s] -- The C compiler identification is GNU 9.4.0
[0.130s] -- The CXX compiler identification is GNU 9.4.0
[0.135s] -- Check for working C compiler: /usr/bin/cc
[0.181s] -- Check for working C compiler: /usr/bin/cc -- works
[0.183s] -- Detecting C compiler ABI info
[0.228s] -- Detecting C compiler ABI info - done
[0.235s] -- Detecting C compile features
[0.236s] -- Detecting C compile features - done
[0.238s] -- Check for working CXX compiler: /usr/bin/c++
[0.289s] -- Check for working CXX compiler: /usr/bin/c++ -- works
[0.290s] -- Detecting CXX compiler ABI info
[0.343s] -- Detecting CXX compiler ABI info - done
[0.351s] -- Detecting CXX compile features
[0.351s] -- Detecting CXX compile features - done
[0.356s] -- Found ament_cmake: 0.9.11 (/opt/ros/foxy/share/ament_cmake/cmake)
[0.374s] -- Found PythonInterp: /usr/bin/python3 (found suitable version "3.8.10", minimum required is "3") 
[0.375s] -- Using PYTHON_EXECUTABLE: /usr/bin/python3
[0.493s] -- Override CMake install command with custom implementation using symlinks instead of copying resources
[0.517s] -- Found ament_lint_auto: 0.9.7 (/opt/ros/foxy/share/ament_lint_auto/cmake)
[0.582s] -- Added test 'copyright' to check source files copyright and LICENSE
[0.587s] -- Added test 'cppcheck' to perform static code analysis on C / C++ code
[0.588s] -- Configured cppcheck include dirs: 
[0.588s] -- Configured cppcheck exclude dirs and/or files: 
[0.592s] -- Added test 'cpplint' to check C / C++ code against the Google style
[0.593s] -- Configured cpplint exclude dirs and/or files: 
[0.594s] -- Added test 'flake8' to check Python code syntax and style conventions
[0.595s] -- Added test 'lint_cmake' to check CMake code style
[0.596s] -- Added test 'pep257' to check Python code against some of the style conventions in PEP 257
[0.601s] -- Added test 'uncrustify' to check C / C++ code style
[0.601s] -- Configured uncrustify additional arguments: 
[0.602s] -- Added test 'xmllint' to check XML markup files
[0.603s] -- Configuring done
[0.605s] -- Generating done
[0.605s] -- Build files have been written to: /home/user/dev_ws/src/wubot/build/wubot
[0.608s] Invoked command in '/home/user/dev_ws/src/wubot/build/wubot' returned '0': CMAKE_PREFIX_PATH=/opt/ros/foxy /usr/bin/cmake /home/user/dev_ws/src/wubot -DAMENT_CMAKE_SYMLINK_INSTALL=1 -DCMAKE_INSTALL_PREFIX=/home/user/dev_ws/src/wubot/install/wubot
[0.610s] Invoking command in '/home/user/dev_ws/src/wubot/build/wubot': CMAKE_PREFIX_PATH=/opt/ros/foxy /usr/bin/cmake --build /home/user/dev_ws/src/wubot/build/wubot -- -j16 -l16
[0.636s] Invoked command in '/home/user/dev_ws/src/wubot/build/wubot' returned '0': CMAKE_PREFIX_PATH=/opt/ros/foxy /usr/bin/cmake --build /home/user/dev_ws/src/wubot/build/wubot -- -j16 -l16
[0.657s] Invoking command in '/home/user/dev_ws/src/wubot/build/wubot': CMAKE_PREFIX_PATH=/opt/ros/foxy /usr/bin/cmake --install /home/user/dev_ws/src/wubot/build/wubot
[0.662s] -- Install configuration: ""
[0.662s] -- Execute custom install script
[0.662s] -- Symlinking: /home/user/dev_ws/src/wubot/install/wubot/share/wubot/config/empty.yaml
[0.667s] -- Symlinking: /home/user/dev_ws/src/wubot/install/wubot/share/wubot/description/.vscode/settings.json
[0.672s] -- Symlinking: /home/user/dev_ws/src/wubot/install/wubot/share/wubot/description/gazebo_control.xacro
[0.677s] -- Symlinking: /home/user/dev_ws/src/wubot/install/wubot/share/wubot/description/inertial_macros.xacro
[0.682s] -- Symlinking: /home/user/dev_ws/src/wubot/install/wubot/share/wubot/description/robot.urdf.xacro
[0.687s] -- Symlinking: /home/user/dev_ws/src/wubot/install/wubot/share/wubot/description/robot_core.xacro
[0.692s] -- Symlinking: /home/user/dev_ws/src/wubot/install/wubot/share/wubot/launch/launch_sim.launch.py
[0.697s] -- Symlinking: /home/user/dev_ws/src/wubot/install/wubot/share/wubot/launch/rsp.launch.py
[0.701s] -- Symlinking: /home/user/dev_ws/src/wubot/install/wubot/share/wubot/worlds/empty.world
[0.707s] -- Symlinking: /home/user/dev_ws/src/wubot/install/wubot/share/ament_index/resource_index/package_run_dependencies/wubot
[0.712s] -- Symlinking: /home/user/dev_ws/src/wubot/install/wubot/share/ament_index/resource_index/parent_prefix_path/wubot
[0.717s] -- Symlinking: /home/user/dev_ws/src/wubot/install/wubot/share/wubot/environment/ament_prefix_path.sh
[0.723s] -- Symlinking: /home/user/dev_ws/src/wubot/install/wubot/share/wubot/environment/ament_prefix_path.dsv
[0.728s] -- Symlinking: /home/user/dev_ws/src/wubot/install/wubot/share/wubot/environment/path.sh
[0.734s] -- Symlinking: /home/user/dev_ws/src/wubot/install/wubot/share/wubot/environment/path.dsv
[0.740s] -- Symlinking: /home/user/dev_ws/src/wubot/install/wubot/share/wubot/local_setup.bash
[0.746s] -- Symlinking: /home/user/dev_ws/src/wubot/install/wubot/share/wubot/local_setup.sh
[0.752s] -- Symlinking: /home/user/dev_ws/src/wubot/install/wubot/share/wubot/local_setup.zsh
[0.757s] -- Symlinking: /home/user/dev_ws/src/wubot/install/wubot/share/wubot/local_setup.dsv
[0.762s] -- Symlinking: /home/user/dev_ws/src/wubot/install/wubot/share/wubot/package.dsv
[0.767s] -- Symlinking: /home/user/dev_ws/src/wubot/install/wubot/share/ament_index/resource_index/packages/wubot
[0.773s] -- Symlinking: /home/user/dev_ws/src/wubot/install/wubot/share/wubot/cmake/wubotConfig.cmake
[0.778s] -- Symlinking: /home/user/dev_ws/src/wubot/install/wubot/share/wubot/cmake/wubotConfig-version.cmake
[0.783s] -- Symlinking: /home/user/dev_ws/src/wubot/install/wubot/share/wubot/package.xml
[0.789s] Invoked command in '/home/user/dev_ws/src/wubot/build/wubot' returned '0': CMAKE_PREFIX_PATH=/opt/ros/foxy /usr/bin/cmake --install /home/user/dev_ws/src/wubot/build/wubot
