[0.183s] DEBUG:colcon:Command line arguments: ['/usr/bin/colcon', 'build', '--symlink-install']
[0.183s] DEBUG:colcon:Parsed command line arguments: Namespace(allow_overriding=[], ament_cmake_args=None, base_paths=['.'], build_base='build', catkin_cmake_args=None, catkin_skip_building_tests=False, cmake_args=None, cmake_clean_cache=False, cmake_clean_first=False, cmake_force_configure=False, cmake_target=None, cmake_target_skip_unavailable=False, continue_on_error=False, event_handlers=None, executor='parallel', ignore_user_meta=False, install_base='install', log_base=None, log_level=None, main=<bound method BuildVerb.main of <colcon_core.verb.build.BuildVerb object at 0x7f85eb9a5a00>>, merge_install=False, metas=['./colcon.meta'], packages_above=None, packages_above_and_dependencies=None, packages_above_depth=None, packages_end=None, packages_ignore=None, packages_ignore_regex=None, packages_select=None, packages_select_build_failed=False, packages_select_by_dep=None, packages_select_regex=None, packages_select_test_failures=False, packages_skip=None, packages_skip_build_finished=False, packages_skip_by_dep=None, packages_skip_regex=None, packages_skip_test_passed=False, packages_skip_up_to=None, packages_start=None, packages_up_to=None, packages_up_to_regex=None, parallel_workers=16, paths=None, symlink_install=True, test_result_base=None, verb_extension=<colcon_core.verb.build.BuildVerb object at 0x7f85eb9a5a00>, verb_name='build', verb_parser=<colcon_defaults.argument_parser.defaults.DefaultArgumentsDecorator object at 0x7f85eb9a5f70>)
[0.199s] Level 1:colcon.colcon_core.package_discovery:discover_packages(colcon_meta) check parameters
[0.199s] Level 1:colcon.colcon_core.package_discovery:discover_packages(recursive) check parameters
[0.199s] Level 1:colcon.colcon_core.package_discovery:discover_packages(ignore) check parameters
[0.199s] Level 1:colcon.colcon_core.package_discovery:discover_packages(path) check parameters
[0.199s] Level 1:colcon.colcon_core.package_discovery:discover_packages(colcon_meta) discover
[0.199s] Level 1:colcon.colcon_core.package_discovery:discover_packages(recursive) discover
[0.199s] INFO:colcon.colcon_core.package_discovery:Crawling recursively for packages in '/home/user/dev_ws/src/wubot'
[0.199s] Level 1:colcon.colcon_core.package_identification:_identify(.) by extensions ['ignore', 'ignore_ament_install']
[0.199s] Level 1:colcon.colcon_core.package_identification:_identify(.) by extension 'ignore'
[0.200s] Level 1:colcon.colcon_core.package_identification:_identify(.) by extension 'ignore_ament_install'
[0.200s] Level 1:colcon.colcon_core.package_identification:_identify(.) by extensions ['colcon_pkg']
[0.200s] Level 1:colcon.colcon_core.package_identification:_identify(.) by extension 'colcon_pkg'
[0.200s] Level 1:colcon.colcon_core.package_identification:_identify(.) by extensions ['colcon_meta']
[0.200s] Level 1:colcon.colcon_core.package_identification:_identify(.) by extension 'colcon_meta'
[0.200s] Level 1:colcon.colcon_core.package_identification:_identify(.) by extensions ['ros']
[0.200s] Level 1:colcon.colcon_core.package_identification:_identify(.) by extension 'ros'
[0.219s] DEBUG:colcon.colcon_core.package_identification:Package '.' with type 'ros.ament_cmake' and name 'wubot'
[0.219s] Level 1:colcon.colcon_core.package_discovery:discover_packages(recursive) using defaults
[0.219s] Level 1:colcon.colcon_core.package_discovery:discover_packages(ignore) discover
[0.219s] Level 1:colcon.colcon_core.package_discovery:discover_packages(ignore) using defaults
[0.219s] Level 1:colcon.colcon_core.package_discovery:discover_packages(path) discover
[0.219s] Level 1:colcon.colcon_core.package_discovery:discover_packages(path) using defaults
[0.231s] Level 1:colcon.colcon_core.package_discovery:discover_packages(prefix_path) check parameters
[0.231s] Level 1:colcon.colcon_core.package_discovery:discover_packages(prefix_path) discover
[0.244s] DEBUG:colcon.colcon_installed_package_information.package_discovery:Found 369 installed packages in /opt/ros/foxy
[0.245s] Level 1:colcon.colcon_core.package_discovery:discover_packages(prefix_path) using defaults
[0.339s] Level 5:colcon.colcon_core.verb:set package 'wubot' build argument 'cmake_args' from command line to 'None'
[0.339s] Level 5:colcon.colcon_core.verb:set package 'wubot' build argument 'cmake_target' from command line to 'None'
[0.339s] Level 5:colcon.colcon_core.verb:set package 'wubot' build argument 'cmake_target_skip_unavailable' from command line to 'False'
[0.339s] Level 5:colcon.colcon_core.verb:set package 'wubot' build argument 'cmake_clean_cache' from command line to 'False'
[0.339s] Level 5:colcon.colcon_core.verb:set package 'wubot' build argument 'cmake_clean_first' from command line to 'False'
[0.339s] Level 5:colcon.colcon_core.verb:set package 'wubot' build argument 'cmake_force_configure' from command line to 'False'
[0.339s] Level 5:colcon.colcon_core.verb:set package 'wubot' build argument 'ament_cmake_args' from command line to 'None'
[0.339s] Level 5:colcon.colcon_core.verb:set package 'wubot' build argument 'catkin_cmake_args' from command line to 'None'
[0.339s] Level 5:colcon.colcon_core.verb:set package 'wubot' build argument 'catkin_skip_building_tests' from command line to 'False'
[0.339s] DEBUG:colcon.colcon_core.verb:Building package 'wubot' with the following arguments: {'ament_cmake_args': None, 'build_base': '/home/user/dev_ws/src/wubot/build/wubot', 'catkin_cmake_args': None, 'catkin_skip_building_tests': False, 'cmake_args': None, 'cmake_clean_cache': False, 'cmake_clean_first': False, 'cmake_force_configure': False, 'cmake_target': None, 'cmake_target_skip_unavailable': False, 'install_base': '/home/user/dev_ws/src/wubot/install/wubot', 'merge_install': False, 'path': '/home/user/dev_ws/src/wubot', 'symlink_install': True, 'test_result_base': None}
[0.340s] INFO:colcon.colcon_core.executor:Executing jobs using 'parallel' executor
[0.342s] DEBUG:colcon.colcon_parallel_executor.executor.parallel:run_until_complete
[0.342s] INFO:colcon.colcon_ros.task.ament_cmake.build:Building ROS package in '/home/user/dev_ws/src/wubot' with build type 'ament_cmake'
[0.342s] INFO:colcon.colcon_cmake.task.cmake.build:Building CMake package in '/home/user/dev_ws/src/wubot'
[0.346s] INFO:colcon.colcon_core.plugin_system:Skipping extension 'colcon_core.shell.bat': Not used on non-Windows systems
[0.346s] INFO:colcon.colcon_core.shell:Skip shell extension 'powershell' for command environment: Not usable outside of PowerShell
[0.346s] DEBUG:colcon.colcon_core.shell:Skip shell extension 'dsv' for command environment
[0.352s] DEBUG:colcon.colcon_core.event_handler.log_command:Invoking command in '/home/user/dev_ws/src/wubot/build/wubot': CMAKE_PREFIX_PATH=/opt/ros/foxy /usr/bin/cmake /home/user/dev_ws/src/wubot -DAMENT_CMAKE_SYMLINK_INSTALL=1 -DCMAKE_INSTALL_PREFIX=/home/user/dev_ws/src/wubot/install/wubot
[0.950s] DEBUG:colcon.colcon_core.event_handler.log_command:Invoked command in '/home/user/dev_ws/src/wubot/build/wubot' returned '0': CMAKE_PREFIX_PATH=/opt/ros/foxy /usr/bin/cmake /home/user/dev_ws/src/wubot -DAMENT_CMAKE_SYMLINK_INSTALL=1 -DCMAKE_INSTALL_PREFIX=/home/user/dev_ws/src/wubot/install/wubot
[0.952s] DEBUG:colcon.colcon_core.event_handler.log_command:Invoking command in '/home/user/dev_ws/src/wubot/build/wubot': CMAKE_PREFIX_PATH=/opt/ros/foxy /usr/bin/cmake --build /home/user/dev_ws/src/wubot/build/wubot -- -j16 -l16
[0.979s] DEBUG:colcon.colcon_core.event_handler.log_command:Invoked command in '/home/user/dev_ws/src/wubot/build/wubot' returned '0': CMAKE_PREFIX_PATH=/opt/ros/foxy /usr/bin/cmake --build /home/user/dev_ws/src/wubot/build/wubot -- -j16 -l16
[1.000s] DEBUG:colcon.colcon_core.event_handler.log_command:Invoking command in '/home/user/dev_ws/src/wubot/build/wubot': CMAKE_PREFIX_PATH=/opt/ros/foxy /usr/bin/cmake --install /home/user/dev_ws/src/wubot/build/wubot
[1.131s] Level 1:colcon.colcon_core.environment:create_environment_scripts_only(wubot)
[1.132s] DEBUG:colcon.colcon_core.event_handler.log_command:Invoked command in '/home/user/dev_ws/src/wubot/build/wubot' returned '0': CMAKE_PREFIX_PATH=/opt/ros/foxy /usr/bin/cmake --install /home/user/dev_ws/src/wubot/build/wubot
[1.136s] Level 1:colcon.colcon_core.environment:checking '/home/user/dev_ws/src/wubot/install/wubot' for CMake module files
[1.136s] Level 1:colcon.colcon_core.environment:checking '/home/user/dev_ws/src/wubot/install/wubot' for CMake config files
[1.136s] Level 1:colcon.colcon_core.shell:create_environment_hook('wubot', 'cmake_prefix_path')
[1.137s] INFO:colcon.colcon_core.shell:Creating environment hook '/home/user/dev_ws/src/wubot/install/wubot/share/wubot/hook/cmake_prefix_path.ps1'
[1.138s] INFO:colcon.colcon_core.shell:Creating environment descriptor '/home/user/dev_ws/src/wubot/install/wubot/share/wubot/hook/cmake_prefix_path.dsv'
[1.138s] INFO:colcon.colcon_core.shell:Creating environment hook '/home/user/dev_ws/src/wubot/install/wubot/share/wubot/hook/cmake_prefix_path.sh'
[1.139s] Level 1:colcon.colcon_core.environment:checking '/home/user/dev_ws/src/wubot/install/wubot/bin'
[1.139s] Level 1:colcon.colcon_core.environment:checking '/home/user/dev_ws/src/wubot/install/wubot/lib/pkgconfig/wubot.pc'
[1.139s] Level 1:colcon.colcon_core.environment:checking '/home/user/dev_ws/src/wubot/install/wubot/lib/python3.8/site-packages'
[1.139s] Level 1:colcon.colcon_core.environment:checking '/home/user/dev_ws/src/wubot/install/wubot/bin'
[1.140s] INFO:colcon.colcon_core.shell:Creating package script '/home/user/dev_ws/src/wubot/install/wubot/share/wubot/package.ps1'
[1.140s] INFO:colcon.colcon_core.shell:Creating package descriptor '/home/user/dev_ws/src/wubot/install/wubot/share/wubot/package.dsv'
[1.141s] INFO:colcon.colcon_core.shell:Creating package script '/home/user/dev_ws/src/wubot/install/wubot/share/wubot/package.sh'
[1.141s] INFO:colcon.colcon_core.shell:Creating package script '/home/user/dev_ws/src/wubot/install/wubot/share/wubot/package.bash'
[1.141s] INFO:colcon.colcon_core.shell:Creating package script '/home/user/dev_ws/src/wubot/install/wubot/share/wubot/package.zsh'
[1.142s] Level 1:colcon.colcon_core.environment:create_file_with_runtime_dependencies(/home/user/dev_ws/src/wubot/install/wubot/share/colcon-core/packages/wubot)
[1.157s] Level 1:colcon.colcon_core.environment:create_environment_scripts_only(wubot)
[1.158s] Level 1:colcon.colcon_core.environment:checking '/home/user/dev_ws/src/wubot/install/wubot' for CMake module files
[1.159s] Level 1:colcon.colcon_core.environment:checking '/home/user/dev_ws/src/wubot/install/wubot' for CMake config files
[1.159s] Level 1:colcon.colcon_core.shell:create_environment_hook('wubot', 'cmake_prefix_path')
[1.160s] INFO:colcon.colcon_core.shell:Creating environment hook '/home/user/dev_ws/src/wubot/install/wubot/share/wubot/hook/cmake_prefix_path.ps1'
[1.160s] INFO:colcon.colcon_core.shell:Creating environment descriptor '/home/user/dev_ws/src/wubot/install/wubot/share/wubot/hook/cmake_prefix_path.dsv'
[1.160s] INFO:colcon.colcon_core.shell:Creating environment hook '/home/user/dev_ws/src/wubot/install/wubot/share/wubot/hook/cmake_prefix_path.sh'
[1.161s] Level 1:colcon.colcon_core.environment:checking '/home/user/dev_ws/src/wubot/install/wubot/bin'
[1.161s] Level 1:colcon.colcon_core.environment:checking '/home/user/dev_ws/src/wubot/install/wubot/lib/pkgconfig/wubot.pc'
[1.161s] Level 1:colcon.colcon_core.environment:checking '/home/user/dev_ws/src/wubot/install/wubot/lib/python3.8/site-packages'
[1.161s] Level 1:colcon.colcon_core.environment:checking '/home/user/dev_ws/src/wubot/install/wubot/bin'
[1.162s] INFO:colcon.colcon_core.shell:Creating package script '/home/user/dev_ws/src/wubot/install/wubot/share/wubot/package.ps1'
[1.162s] INFO:colcon.colcon_core.shell:Creating package descriptor '/home/user/dev_ws/src/wubot/install/wubot/share/wubot/package.dsv'
[1.163s] INFO:colcon.colcon_core.shell:Creating package script '/home/user/dev_ws/src/wubot/install/wubot/share/wubot/package.sh'
[1.163s] INFO:colcon.colcon_core.shell:Creating package script '/home/user/dev_ws/src/wubot/install/wubot/share/wubot/package.bash'
[1.163s] INFO:colcon.colcon_core.shell:Creating package script '/home/user/dev_ws/src/wubot/install/wubot/share/wubot/package.zsh'
[1.163s] Level 1:colcon.colcon_core.environment:create_file_with_runtime_dependencies(/home/user/dev_ws/src/wubot/install/wubot/share/colcon-core/packages/wubot)
[1.164s] DEBUG:colcon.colcon_parallel_executor.executor.parallel:closing loop
[1.164s] DEBUG:colcon.colcon_parallel_executor.executor.parallel:loop closed
[1.164s] DEBUG:colcon.colcon_parallel_executor.executor.parallel:run_until_complete finished with '0'
[1.164s] DEBUG:colcon.colcon_core.event_reactor:joining thread
[1.170s] INFO:colcon.colcon_core.plugin_system:Skipping extension 'colcon_notification.desktop_notification.terminal_notifier': Not used on non-Darwin systems
[1.170s] INFO:colcon.colcon_core.plugin_system:Skipping extension 'colcon_notification.desktop_notification.win32': Not used on non-Windows systems
[1.170s] INFO:colcon.colcon_notification.desktop_notification:Sending desktop notification using 'notify2'
[1.189s] DEBUG:colcon.colcon_core.event_reactor:joined thread
[1.191s] INFO:colcon.colcon_core.shell:Creating prefix script '/home/user/dev_ws/src/wubot/install/local_setup.ps1'
[1.192s] INFO:colcon.colcon_core.shell:Creating prefix util module '/home/user/dev_ws/src/wubot/install/_local_setup_util_ps1.py'
[1.193s] INFO:colcon.colcon_core.shell:Creating prefix chain script '/home/user/dev_ws/src/wubot/install/setup.ps1'
[1.194s] INFO:colcon.colcon_core.shell:Creating prefix script '/home/user/dev_ws/src/wubot/install/local_setup.sh'
[1.194s] INFO:colcon.colcon_core.shell:Creating prefix util module '/home/user/dev_ws/src/wubot/install/_local_setup_util_sh.py'
[1.195s] INFO:colcon.colcon_core.shell:Creating prefix chain script '/home/user/dev_ws/src/wubot/install/setup.sh'
[1.196s] INFO:colcon.colcon_core.shell:Creating prefix script '/home/user/dev_ws/src/wubot/install/local_setup.bash'
[1.196s] INFO:colcon.colcon_core.shell:Creating prefix chain script '/home/user/dev_ws/src/wubot/install/setup.bash'
[1.197s] INFO:colcon.colcon_core.shell:Creating prefix script '/home/user/dev_ws/src/wubot/install/local_setup.zsh'
[1.197s] INFO:colcon.colcon_core.shell:Creating prefix chain script '/home/user/dev_ws/src/wubot/install/setup.zsh'
